<?xml version="1.0" encoding="UTF-8"?>
<!-- Generated by org.testng.reporters.JUnitReportReporter -->
<testsuite skipped="0" hostname="AnilRaju" name="tests.FlightBookingTest" tests="1" failures="0" timestamp="03 Aug 2019 11:48:53 GMT" time="14.517" errors="0">
  <testcase name="testThatResultsAppearForAOneWayJourney" time="14.517" classname="tests.FlightBookingTest"/>
</testsuite> <!-- tests.FlightBookingTest -->
