<?xml version="1.0" encoding="UTF-8"?>
<!-- Generated by org.testng.reporters.JUnitReportReporter -->
<testsuite skipped="0" hostname="AnilRaju" name="tests.SignInTest" tests="1" failures="0" timestamp="04 Aug 2019 18:25:31 GMT" time="10.635" errors="0">
  <testcase name="shouldThrowAnErrorIfSignInDetailsAreMissing" time="10.635" classname="tests.SignInTest"/>
</testsuite> <!-- tests.SignInTest -->
